make all --print-data-base --no-builtin-variables --no-builtin-rules --question
make: *** No rule to make target 'all'.  Stop.

# GNU Make 4.1
# Built for x86_64-pc-linux-gnu
# Copyright (C) 1988-2014 Free Software Foundation, Inc.
# License GPLv3+: GNU GPL version 3 or later <http://gnu.org/licenses/gpl.html>
# This is free software: you are free to change and redistribute it.
# There is NO WARRANTY, to the extent permitted by law.

# Make data base, printed on Wed Aug 17 15:59:55 2022

# Variables

# 'override' directive
GNUMAKEFLAGS := 
# automatic
<D = $(patsubst %/,%,$(dir $<))
# automatic
?F = $(notdir $?)
# environment
PAPERSIZE = a4
# environment
DESKTOP_SESSION = ubuntu
# default
.SHELLFLAGS := -c
# environment
XDG_SESSION_TYPE = x11
# makefile (from 'Makefile', line 1)
TARGET := run
# automatic
?D = $(patsubst %/,%,$(dir $?))
# environment
IM_CONFIG_PHASE = 2
# automatic
@D = $(patsubst %/,%,$(dir $@))
# environment
XAUTHORITY = /run/user/1001/gdm/Xauthority
# environment
GDMSESSION = ubuntu
# environment
XMODIFIERS = @im=fcitx
# makefile
CURDIR := /home/cxy/通讯录/mes_1
# makefile
SHELL = /bin/sh
# makefile (from 'Makefile', line 5)
RM := rm -rf
# environment
VSCODE_NLS_CONFIG = {"locale":"zh-cn","availableLanguages":{"*":"zh-cn"},"_languagePackId":"08bdb29c43b4c03defdaaecc51ad48b6.zh-cn","_translationsConfigFile":"/home/lg/.config/Code/clp/08bdb29c43b4c03defdaaecc51ad48b6.zh-cn/tcf.json","_cacheRoot":"/home/lg/.config/Code/clp/08bdb29c43b4c03defdaaecc51ad48b6.zh-cn","_resolvedLanguagePackCoreLocation":"/home/lg/.config/Code/clp/08bdb29c43b4c03defdaaecc51ad48b6.zh-cn/6d9b74a70ca9c7733b29f0456fd8195364076dda","_corruptedFile":"/home/lg/.config/Code/clp/08bdb29c43b4c03defdaaecc51ad48b6.zh-cn/corrupted.info","_languagePackSupport":true}
# environment
_ = /usr/share/code/code
# makefile (from 'Makefile', line 3)
CFLAGS := -c -o 
# environment
XDG_CONFIG_DIRS = /etc/xdg/xdg-ubuntu:/etc/xdg
# makefile (from 'Makefile', line 1)
MAKEFILE_LIST :=  Makefile
# automatic
@F = $(notdir $@)
# environment
GIO_LAUNCHED_DESKTOP_FILE = /usr/share/applications/code.desktop
# environment
USERNAME = lg
# environment
MAKELEVEL := 0
# environment
XDG_DATA_DIRS = /usr/share/ubuntu:/usr/local/share/:/usr/share/:/var/lib/snapd/desktop
# environment
DBUS_SESSION_BUS_ADDRESS = unix:path=/run/user/1001/bus
# makefile (from 'Makefile', line 2)
OBJS := main.o add.o address_book.o show.o search.o delete.o revise.o clear.o
# environment
CLUTTER_IM_MODULE = xim
# environment
LESSOPEN = | /usr/bin/lesspipe %s
# environment
LC_NAME = zh_CN.UTF-8
# environment
VSCODE_CWD = /home/lg
# default
MAKE_HOST := x86_64-pc-linux-gnu
# environment
PATH = /usr/local/sbin:/usr/local/bin:/usr/sbin:/usr/bin:/sbin:/bin:/usr/games:/usr/local/games:/snap/bin
# environment
GPG_AGENT_INFO = /run/user/1001/gnupg/S.gpg-agent:0:1
# environment
GJS_DEBUG_OUTPUT = stderr
# environment
SESSION_MANAGER = local/jsetc-virtual-machine:@/tmp/.ICE-unix/2635,unix/jsetc-virtual-machine:/tmp/.ICE-unix/2635
# environment
XDG_RUNTIME_DIR = /run/user/1001
# environment
TEXTDOMAIN = im-config
# environment
XDG_MENU_PREFIX = gnome-
# environment
ELECTRON_RUN_AS_NODE = 1
# default
.FEATURES := target-specific order-only second-expansion else-if shortest-stem undefine oneshell archives jobserver output-sync check-symlink load
# environment
LS_COLORS = 
# environment
XDG_SESSION_DESKTOP = ubuntu
# environment
SSH_AUTH_SOCK = /run/user/1001/keyring/ssh
# environment
GIO_LAUNCHED_DESKTOP_FILE_PID = 3103
# automatic
%F = $(notdir $%)
# environment
DISPLAY = :0
# environment
GTK_IM_MODULE = fcitx
# environment
PWD = /home/cxy/通讯录/mes_1
# environment
XDG_SEAT = seat0
# environment
SSH_AGENT_PID = 2721
# environment
ORIGINAL_XDG_CURRENT_DESKTOP = ubuntu:GNOME
# environment
GTK_MODULES = gail:atk-bridge
# environment
VSCODE_AMD_ENTRYPOINT = vs/workbench/api/node/extensionHostProcess
# environment
HOME = /home/lg
# environment
LESSCLOSE = /usr/bin/lesspipe %s %s
# environment
VSCODE_CODE_CACHE_PATH = /home/lg/.config/Code/CachedData/6d9b74a70ca9c7733b29f0456fd8195364076dda
# environment
LOGNAME = lg
# environment
APPLICATION_INSIGHTS_NO_DIAGNOSTIC_CHANNEL = true
# automatic
+F = $(notdir $+)
# environment
VSCODE_HANDLES_UNCAUGHT_ERRORS = true
# default
MAKE_VERSION := 4.1
# environment
GNOME_DESKTOP_SESSION_ID = this-is-deprecated
# automatic
^D = $(patsubst %/,%,$(dir $^))
# environment
XDG_VTNR = 2
# environment
LC_TIME = zh_CN.UTF-8
# default
MAKE = $(MAKE_COMMAND)
# default
MAKECMDGOALS := all
# environment
QT_IM_MODULE = fcitx
# environment
SHLVL = 1
# environment
GNOME_SHELL_SESSION_MODE = ubuntu
# environment
XDG_SESSION_ID = 9
# environment
USER = lg
# environment
LC_MONETARY = zh_CN.UTF-8
# makefile
.DEFAULT_GOAL := run
# environment
XDG_CURRENT_DESKTOP = Unity
# automatic
%D = $(patsubst %/,%,$(dir $%))
# makefile (from 'Makefile', line 4)
CFLAGSs := -o 
# environment
LC_TELEPHONE = zh_CN.UTF-8
# default
MAKE_COMMAND := make
# default
.VARIABLES := 
# automatic
*F = $(notdir $*)
# environment
LANGUAGE = zh_CN:en
# environment
VSCODE_IPC_HOOK = /run/user/1001/vscode-fd0ed18e-1.70.1-main.sock
# makefile
MAKEFLAGS = pqrR
# environment
MFLAGS = -pqrR
# automatic
*D = $(patsubst %/,%,$(dir $*))
# automatic
+D = $(patsubst %/,%,$(dir $+))
# environment
GDK_BACKEND = x11
# environment
LC_PAPER = zh_CN.UTF-8
# environment
QT_ACCESSIBILITY = 1
# environment
TEXTDOMAINDIR = /usr/share/locale/
# default
MAKEFILES := 
# environment
LC_NUMERIC = zh_CN.UTF-8
# automatic
<F = $(notdir $<)
# environment
LC_MEASUREMENT = zh_CN.UTF-8
# environment
LC_ALL = C
# environment
QT4_IM_MODULE = fcitx
# environment
GJS_DEBUG_TOPICS = JS ERROR;JS LOG
# automatic
^F = $(notdir $^)
# default
SUFFIXES := 
# environment
CHROME_DESKTOP = code-url-handler.desktop
# environment
WINDOWPATH = 2
# default
.INCLUDE_DIRS = /usr/include /usr/local/include /usr/include
# environment
LC_IDENTIFICATION = zh_CN.UTF-8
# default
.RECIPEPREFIX := 
# environment
LC_ADDRESS = zh_CN.UTF-8
# environment
LANG = C
# environment
VSCODE_PID = 3103
# variable set hash-table stats:
# Load=111/1024=11%, Rehash=0, Collisions=21/138=15%

# Pattern-specific Variable Values

# No pattern-specific variable values.

# Directories

# . (device 2049, inode 1187436): 16 files, no impossibilities.

# 16 files, no impossibilities in 1 directories.

# Implicit Rules

%o: %c
#  recipe to execute (from 'Makefile', line 10):
	$(CC) $< $(CFLAGS) $@

# 1 implicit rules, 0 (0.0%) terminal.

# Files

# Not a target:
clear.o:
#  Implicit rule search has not been done.
#  Modification time never checked.
#  File has not been updated.

# Not a target:
all:
#  Command line target.
#  Implicit rule search has been done.
#  File does not exist.
#  File has not been updated.

# Not a target:
add.o:
#  Implicit rule search has not been done.
#  Modification time never checked.
#  File has not been updated.

# Not a target:
address_book.o:
#  Implicit rule search has not been done.
#  Modification time never checked.
 
#  File has not been updated.

# Not a target:
Makefile:
#  Implicit rule search has been done.
#  Last modified 2022-08-01 16:41:19.888287153
#  File has been updated.
#  Successfully updated.

# Not a target:
revise.o:
#  Implicit rule search has not been done.
#  Modification time never checked.
#  File has not been updated.

# Not a target:
.DEFAULT:
#  Implicit rule search has not been done.
#  Modification time never checked.
#  File has not been updated.

run: main.o add.o address_book.o show.o search.o delete.o revise.o clear.o
#  Implicit rule search has not been done.
#  Modification time never checked.
#  File has not been updated.
#  recipe to execute (from 'Makefile', line 8):
	$(CC) $(OBJS) $(CFLAGSs) $(TARGET)

clean-o:
#  Implicit rule search has not been done.
#  Modification time never checked.
#  File has not been updated.
#  recipe to execute (from 'Makefile', line 12):
	$(RM) $(OBJS) 

# Not a target:
show.o:
#  Implicit rule search has not been done.
#  Modification time never checked.
#  File has not been updated.

clean-all:
#  Implicit rule search has not been done.
#  Modification time never checked.
#  File has not been updated.
#  recipe to execute (from 'Makefile', line 14):
	$(RM) $(OBJS) $(TARGET)	

# Not a target:
delete.o:
#  Implicit rule search has not been done.
#  Modification time never checked.
#  File has not been updated.

# Not a target:
main.o:
#  Implicit rule search has not been done.
#  Modification time never checked.
#  File has not been updated.

# Not a target:
search.o:
#  Implicit rule search has not been done.
#  Modification time never checked.
#  File has not been updated.

# files hash-table stats:
# Load=15/1024=1%, Rehash=0, Collisions=0/33=0%
# VPATH Search Paths

# No 'vpath' search paths.

# No general ('VPATH' variable) search path.

# strcache buffers: 1 (0) / strings = 33 / storage = 279 B / avg = 8 B
# current buf: size = 8162 B / used = 279 B / count = 33 / avg = 8 B

# strcache performance: lookups = 41 / hit rate = 19%
# hash-table stats:
# Load=33/8192=0%, Rehash=0, Collisions=1/41=2%
# Finished Make data base on Wed Aug 17 15:59:55 2022

 
